<?xml version="1.0" encoding="UTF-8"?>
<!-- Generated by org.testng.reporters.JUnitXMLReporter -->
<testsuite hostname="DESKTOP-AF71NMN" name="Default test" tests="3" failures="0" timestamp="27 Oct 2020 04:09:50 GMT" time="5.791" errors="0">
  <testcase name="validateStatusCodeToBE200" time="0.015" classname="com.api.tests.TestGETAllAvailablePets"/>
  <testcase name="validateResponseIsNotNull" time="0.004" classname="com.api.tests.TestGETAllAvailablePets"/>
  <testcase name="validateResponseIsNotEmpty" time="0.008" classname="com.api.tests.TestGETAllAvailablePets"/>
</testsuite> <!-- Default test -->
