<?xml version="1.0" encoding="UTF-8"?>
<!-- Generated by org.testng.reporters.JUnitXMLReporter -->
<testsuite hostname="DESKTOP-AF71NMN" name="Complete Suite Execution" tests="7" failures="0" timestamp="26 Oct 2020 19:39:04 GMT" time="63.453" errors="0">
  <testcase name="@BeforeMethod addTestResult" time="0.0" classname="com.api.tests.TestPUTUpdatePetStatus">
    <failure type="java.lang.NullPointerException">
      <![CDATA[java.lang.NullPointerException
	at com.api.tests.BaseTest.addTestResult(BaseTest.java:42)
... Removed 26 stack frames]]>
    </failure>
  </testcase> <!-- @BeforeMethod addTestResult -->
  <testcase name="@AfterMethod logResultInReport" time="0.0" classname="com.api.tests.TestPUTUpdatePetStatus">
    <skipped/>
  </testcase> <!-- @AfterMethod logResultInReport -->
  <testcase name="@BeforeMethod addTestResult" time="0.0" classname="com.api.tests.TestPUTUpdatePetStatus">
    <skipped/>
  </testcase> <!-- @BeforeMethod addTestResult -->
  <testcase name="@AfterMethod logResultInReport" time="0.0" classname="com.api.tests.TestPUTUpdatePetStatus">
    <skipped/>
  </testcase> <!-- @AfterMethod logResultInReport -->
  <testcase name="@BeforeMethod addTestResult" time="0.0" classname="com.api.tests.TestPUTUpdatePetStatus">
    <skipped/>
  </testcase> <!-- @BeforeMethod addTestResult -->
  <testcase name="@AfterMethod logResultInReport" time="0.0" classname="com.api.tests.TestPUTUpdatePetStatus">
    <skipped/>
  </testcase> <!-- @AfterMethod logResultInReport -->
  <testcase name="@BeforeClass init" time="0.0" classname="com.api.tests.TestDELETEPet">
    <skipped/>
  </testcase> <!-- @BeforeClass init -->
  <testcase name="@BeforeMethod addTestResult" time="0.0" classname="com.api.tests.TestDELETEPet">
    <skipped/>
  </testcase> <!-- @BeforeMethod addTestResult -->
  <testcase name="@AfterMethod logResultInReport" time="0.0" classname="com.api.tests.TestDELETEPet">
    <skipped/>
  </testcase> <!-- @AfterMethod logResultInReport -->
  <testcase name="@BeforeMethod addTestResult" time="0.0" classname="com.api.tests.TestDELETEPet">
    <skipped/>
  </testcase> <!-- @BeforeMethod addTestResult -->
  <testcase name="@AfterMethod logResultInReport" time="0.0" classname="com.api.tests.TestDELETEPet">
    <skipped/>
  </testcase> <!-- @AfterMethod logResultInReport -->
  <testcase name="validateStatusCodeToBE200" time="4.868" classname="com.api.tests.TestPOSTNewAvailablePet"/>
  <testcase name="validateResponseIDToEqualToRequestID" time="4.458" classname="com.api.tests.TestPOSTNewAvailablePet"/>
  <testcase name="validateStatusCodeToBE200" time="0.002" classname="com.api.tests.TestPUTUpdatePetStatus">
    <skipped/>
  </testcase> <!-- validateStatusCodeToBE200 -->
  <testcase name="validateResponseIDToEqualToRequestID" time="0.001" classname="com.api.tests.TestPUTUpdatePetStatus">
    <skipped/>
  </testcase> <!-- validateResponseIDToEqualToRequestID -->
  <testcase name="validateResponseStatusToBeSold" time="0.005" classname="com.api.tests.TestPUTUpdatePetStatus">
    <skipped/>
  </testcase> <!-- validateResponseStatusToBeSold -->
  <testcase name="validateStatusCodeToBE200" time="0.001" classname="com.api.tests.TestDELETEPet">
    <skipped/>
  </testcase> <!-- validateStatusCodeToBE200 -->
  <testcase name="validateMessageInResponse" time="0.001" classname="com.api.tests.TestDELETEPet">
    <skipped/>
  </testcase> <!-- validateMessageInResponse -->
</testsuite> <!-- Complete Suite Execution -->
