<?xml version="1.0" encoding="UTF-8"?>
<!-- Generated by org.testng.reporters.JUnitXMLReporter -->
<testsuite hostname="DESKTOP-AF71NMN" name="GetAllAvailablePets" tests="3" failures="0" timestamp="26 Oct 2020 21:25:10 GMT" time="6.095" errors="0">
  <testcase name="validateStatusCodeToBE200" time="0.011" classname="com.api.tests.TestGETAllAvailablePets"/>
  <testcase name="validateResponseIsNotNull" time="0.006" classname="com.api.tests.TestGETAllAvailablePets"/>
  <testcase name="validateResponseIsNotEmpty" time="0.003" classname="com.api.tests.TestGETAllAvailablePets"/>
</testsuite> <!-- GetAllAvailablePets -->
