<?xml version="1.0" encoding="UTF-8"?>
<!-- Generated by org.testng.reporters.JUnitXMLReporter -->
<testsuite hostname="DESKTOP-AF71NMN" name="POST Request" tests="2" failures="0" timestamp="26 Oct 2020 20:44:58 GMT" time="5.247" errors="0">
  <testcase name="@BeforeMethod addTestResult" time="0.0" classname="com.api.tests.TestPOSTNewAvailablePet">
    <failure type="java.lang.NullPointerException">
      <![CDATA[java.lang.NullPointerException
	at com.api.tests.BaseTest.addTestResult(BaseTest.java:42)
... Removed 26 stack frames]]>
    </failure>
  </testcase> <!-- @BeforeMethod addTestResult -->
  <testcase name="@AfterMethod logResultInReport" time="0.0" classname="com.api.tests.TestPOSTNewAvailablePet">
    <skipped/>
  </testcase> <!-- @AfterMethod logResultInReport -->
  <testcase name="@BeforeMethod addTestResult" time="0.0" classname="com.api.tests.TestPOSTNewAvailablePet">
    <skipped/>
  </testcase> <!-- @BeforeMethod addTestResult -->
  <testcase name="@AfterMethod logResultInReport" time="0.0" classname="com.api.tests.TestPOSTNewAvailablePet">
    <skipped/>
  </testcase> <!-- @AfterMethod logResultInReport -->
  <testcase name="validateStatusCodeToBE200" time="0.012" classname="com.api.tests.TestPOSTNewAvailablePet">
    <skipped/>
  </testcase> <!-- validateStatusCodeToBE200 -->
  <testcase name="validateResponseIDToEqualToRequestID" time="0.004" classname="com.api.tests.TestPOSTNewAvailablePet">
    <skipped/>
  </testcase> <!-- validateResponseIDToEqualToRequestID -->
</testsuite> <!-- POST Request -->
