<?xml version="1.0" encoding="UTF-8"?>
<!-- Generated by org.testng.reporters.JUnitXMLReporter -->
<testsuite hostname="DESKTOP-AF71NMN" name="REST API Test" tests="10" failures="0" timestamp="27 Oct 2020 04:16:14 GMT" time="12.779" errors="0">
  <testcase name="validateStatusCodeToBE200" time="0.012" classname="com.api.tests.TestGETAllAvailablePets"/>
  <testcase name="validateResponseIsNotNull" time="0.009" classname="com.api.tests.TestGETAllAvailablePets"/>
  <testcase name="validateResponseIsNotEmpty" time="0.013" classname="com.api.tests.TestGETAllAvailablePets"/>
  <testcase name="validateStatusCodeToBE200" time="0.005" classname="com.api.tests.TestPOSTNewAvailablePet"/>
  <testcase name="validateResponseIDToEqualToRequestID" time="0.015" classname="com.api.tests.TestPOSTNewAvailablePet"/>
  <testcase name="validateStatusCodeToBE200" time="0.007" classname="com.api.tests.TestPUTUpdatePetStatus"/>
  <testcase name="validateResponseIDToEqualToRequestID" time="0.033" classname="com.api.tests.TestPUTUpdatePetStatus"/>
  <testcase name="validateResponseStatusToBeSold" time="0.011" classname="com.api.tests.TestPUTUpdatePetStatus"/>
  <testcase name="validateStatusCodeToBE200" time="0.004" classname="com.api.tests.TestDELETEPet"/>
  <testcase name="validateMessageInResponse" time="1.522" classname="com.api.tests.TestDELETEPet"/>
</testsuite> <!-- REST API Test -->
